<?xml version="1.0" encoding="UTF-8"?>
<testsuite name="UserTest" skipped="0" failures="0" errors="0" tests="10" assertions="14" time="0.06905624099999841">
  <testcase name="test_email_should_be_unique" classname="UserTest" assertions="1" time="0.005748023999331053">
  </testcase>
  <testcase name="test_password_should_be_present_(nonblank)" classname="UserTest" assertions="1" time="0.003941606999433134">
  </testcase>
  <testcase name="test_password_should_have_a_minimum_length" classname="UserTest" assertions="1" time="0.003837124000710901">
  </testcase>
  <testcase name="test_email_should_not_be_to_long" classname="UserTest" assertions="1" time="0.0028717619989038212">
  </testcase>
  <testcase name="test_email_validation_should_accept_valid_addresses" classname="UserTest" assertions="3" time="0.003717699000844732">
  </testcase>
  <testcase name="test_email_validation_should_reject_invalid_addresses" classname="UserTest" assertions="3" time="0.03724142099963501">
  </testcase>
  <testcase name="test_name_should_not_be_to_long" classname="UserTest" assertions="1" time="0.0030038029999559512">
  </testcase>
  <testcase name="test_should_be_valid" classname="UserTest" assertions="1" time="0.002368694000324467">
  </testcase>
  <testcase name="test_email_should_be_present" classname="UserTest" assertions="1" time="0.0033915849999175407">
  </testcase>
  <testcase name="test_name_should_be_present" classname="UserTest" assertions="1" time="0.002934522000941797">
  </testcase>
</testsuite>
