<?xml version="1.0" encoding="UTF-8"?>
<testsuite name="UserTest" skipped="0" failures="0" errors="0" tests="10" assertions="14" time="0.05949222300114343">
  <testcase name="test_email_should_not_be_to_long" classname="UserTest" assertions="1" time="0.0037222679966362193">
  </testcase>
  <testcase name="test_password_should_be_present_(nonblank)" classname="UserTest" assertions="1" time="0.003955619999032933">
  </testcase>
  <testcase name="test_password_should_have_a_minimum_length" classname="UserTest" assertions="1" time="0.003919098002370447">
  </testcase>
  <testcase name="test_should_be_valid" classname="UserTest" assertions="1" time="0.002375686999585014">
  </testcase>
  <testcase name="test_email_should_be_present" classname="UserTest" assertions="1" time="0.0035928869983763434">
  </testcase>
  <testcase name="test_email_should_be_unique" classname="UserTest" assertions="1" time="0.010033820995886344">
  </testcase>
  <testcase name="test_email_validation_should_reject_invalid_addresses" classname="UserTest" assertions="3" time="0.018080692003422882">
  </testcase>
  <testcase name="test_email_validation_should_accept_valid_addresses" classname="UserTest" assertions="3" time="0.005649210004776251">
  </testcase>
  <testcase name="test_name_should_be_present" classname="UserTest" assertions="1" time="0.004118017001019325">
  </testcase>
  <testcase name="test_name_should_not_be_to_long" classname="UserTest" assertions="1" time="0.00404492300003767">
  </testcase>
</testsuite>
