<?xml version="1.0" encoding="UTF-8"?>
<testsuite name="StaticPagesControllerTest" skipped="0" failures="0" errors="0" tests="3" assertions="6" time="0.19342470099945785">
  <testcase name="test_should_get_about" classname="StaticPagesControllerTest" assertions="2" time="0.18549124600031064">
  </testcase>
  <testcase name="test_should_get_help" classname="StaticPagesControllerTest" assertions="2" time="0.004313852998166112">
  </testcase>
  <testcase name="test_should_get_home" classname="StaticPagesControllerTest" assertions="2" time="0.0036196020009811036">
  </testcase>
</testsuite>
