<?xml version="1.0" encoding="UTF-8"?>
<testsuite name="StaticPagesControllerTest" skipped="0" failures="0" errors="0" tests="4" assertions="8" time="0.02614983599050902">
  <testcase name="test_should_get_help" classname="StaticPagesControllerTest" assertions="2" time="0.007926947997475509">
  </testcase>
  <testcase name="test_should_get_home" classname="StaticPagesControllerTest" assertions="2" time="0.005323302000761032">
  </testcase>
  <testcase name="test_should_get_about" classname="StaticPagesControllerTest" assertions="2" time="0.0059159909942536615">
  </testcase>
  <testcase name="test_should_get_contact" classname="StaticPagesControllerTest" assertions="2" time="0.006983594998018816">
  </testcase>
</testsuite>
