<?xml version="1.0" encoding="UTF-8"?>
<testsuite name="StaticPagesControllerTest" skipped="0" failures="0" errors="0" tests="3" assertions="6" time="0.19275920098880306">
  <testcase name="test_should_get_about" classname="StaticPagesControllerTest" assertions="2" time="0.18479789499542676">
  </testcase>
  <testcase name="test_should_get_home" classname="StaticPagesControllerTest" assertions="2" time="0.004334001998358872">
  </testcase>
  <testcase name="test_should_get_help" classname="StaticPagesControllerTest" assertions="2" time="0.003627303995017428">
  </testcase>
</testsuite>
