<?xml version="1.0" encoding="UTF-8"?>
<testsuite name="SiteLayoutTest" skipped="0" failures="0" errors="0" tests="1" assertions="5" time="0.021230075995845255">
  <testcase name="test_layout_links" classname="SiteLayoutTest" assertions="5" time="0.021230075995845255">
  </testcase>
</testsuite>
