<?xml version="1.0" encoding="UTF-8"?>
<testsuite name="UsersLoginTest" skipped="0" failures="0" errors="0" tests="1" assertions="6" time="0.051764531001026626">
  <testcase name="test_login_with_valid_information" classname="UsersLoginTest" assertions="6" time="0.051764531001026626">
  </testcase>
</testsuite>
