<?xml version="1.0" encoding="UTF-8"?>
<testsuite name="UsersSignupTest" skipped="0" failures="0" errors="0" tests="2" assertions="4" time="0.05596808200789383">
  <testcase name="test_invalid_sign_up_information" classname="UsersSignupTest" assertions="2" time="0.020996584004024044">
  </testcase>
  <testcase name="test_valid_sign_up_information" classname="UsersSignupTest" assertions="2" time="0.03497149800386978">
  </testcase>
</testsuite>
