<?xml version="1.0" encoding="UTF-8"?>
<testsuite name="StaticPagesControllerTest" skipped="0" failures="0" errors="0" tests="4" assertions="8" time="0.024631126998428954">
  <testcase name="test_should_get_about" classname="StaticPagesControllerTest" assertions="2" time="0.00669707599809044">
  </testcase>
  <testcase name="test_should_get_contact" classname="StaticPagesControllerTest" assertions="2" time="0.0058481060004851315">
  </testcase>
  <testcase name="test_should_get_home" classname="StaticPagesControllerTest" assertions="2" time="0.00565546399957384">
  </testcase>
  <testcase name="test_should_get_help" classname="StaticPagesControllerTest" assertions="2" time="0.006430481000279542">
  </testcase>
</testsuite>
