<?xml version="1.0" encoding="UTF-8"?>
<testsuite name="StaticPagesControllerTest" skipped="0" failures="0" errors="0" tests="4" assertions="8" time="0.028056894996552728">
  <testcase name="test_should_get_contact" classname="StaticPagesControllerTest" assertions="2" time="0.008815948996925727">
  </testcase>
  <testcase name="test_should_get_about" classname="StaticPagesControllerTest" assertions="2" time="0.006101129001763184">
  </testcase>
  <testcase name="test_should_get_help" classname="StaticPagesControllerTest" assertions="2" time="0.005975792999379337">
  </testcase>
  <testcase name="test_should_get_home" classname="StaticPagesControllerTest" assertions="2" time="0.007164023998484481">
  </testcase>
</testsuite>
