<?xml version="1.0" encoding="UTF-8"?>
<testsuite name="UserTest" skipped="0" failures="0" errors="0" tests="10" assertions="14" time="0.1956460630062793">
  <testcase name="test_should_be_valid" classname="UserTest" assertions="1" time="0.15379857199877733">
  </testcase>
  <testcase name="test_name_should_not_be_to_long" classname="UserTest" assertions="1" time="0.007452780999301467">
  </testcase>
  <testcase name="test_email_validation_should_reject_invalid_addresses" classname="UserTest" assertions="3" time="0.00530736500149942">
  </testcase>
  <testcase name="test_email_should_be_present" classname="UserTest" assertions="1" time="0.003348261001519859">
  </testcase>
  <testcase name="test_email_should_not_be_to_long" classname="UserTest" assertions="1" time="0.0029842059993825387">
  </testcase>
  <testcase name="test_email_should_be_unique" classname="UserTest" assertions="1" time="0.006879647000459954">
  </testcase>
  <testcase name="test_password_should_be_present_(nonblank)" classname="UserTest" assertions="1" time="0.00474900400149636">
  </testcase>
  <testcase name="test_password_should_have_a_minimum_length" classname="UserTest" assertions="1" time="0.004072652001923416">
  </testcase>
  <testcase name="test_email_validation_should_accept_valid_addresses" classname="UserTest" assertions="3" time="0.003964876003010431">
  </testcase>
  <testcase name="test_name_should_be_present" classname="UserTest" assertions="1" time="0.0030886989989085123">
  </testcase>
</testsuite>
