<?xml version="1.0" encoding="UTF-8"?>
<testsuite name="UsersSignupTest" skipped="0" failures="0" errors="0" tests="2" assertions="4" time="0.449490822997177">
  <testcase name="test_invalid_sign_up_information" classname="UsersSignupTest" assertions="2" time="0.4230780619982397">
  </testcase>
  <testcase name="test_valid_sign_up_information" classname="UsersSignupTest" assertions="2" time="0.0264127609989373">
  </testcase>
</testsuite>
