<?xml version="1.0" encoding="UTF-8"?>
<testsuite name="SessionsControllerTest" skipped="0" failures="0" errors="0" tests="1" assertions="1" time="0.5796710690010514">
  <testcase name="test_should_get_new" classname="SessionsControllerTest" assertions="1" time="0.5796710690010514">
  </testcase>
</testsuite>
