<?xml version="1.0" encoding="UTF-8"?>
<testsuite name="StaticPagesControllerTest" skipped="0" failures="0" errors="0" tests="2" assertions="2" time="0.18763380099699134">
  <testcase name="test_should_get_help" classname="StaticPagesControllerTest" assertions="1" time="0.18371740699876682">
  </testcase>
  <testcase name="test_should_get_home" classname="StaticPagesControllerTest" assertions="1" time="0.003916393998224521">
  </testcase>
</testsuite>
